f:\windows编程\11. mymfc\debug\11. mymfc.pch
f:\windows编程\11. mymfc\debug\vc143.pdb
f:\windows编程\11. mymfc\debug\vc143.idb
f:\windows编程\11. mymfc\debug\pch.obj
f:\windows编程\11. mymfc\debug\mymfcdlg.obj
f:\windows编程\11. mymfc\debug\cmybutton.obj
f:\windows编程\11. mymfc\debug\11. mymfc.obj
f:\windows编程\11. mymfc\debug\11. mymfc.ilk
f:\windows编程\1. 简单的窗口\debug\11. mymfc.exe
f:\windows编程\1. 简单的窗口\debug\11. mymfc.pdb
f:\windows编程\11. mymfc\debug\my11mymfc.res
f:\windows编程\11. mymfc\debug\11. mymfc.tlog\cl.command.1.tlog
f:\windows编程\11. mymfc\debug\11. mymfc.tlog\cl.read.1.tlog
f:\windows编程\11. mymfc\debug\11. mymfc.tlog\cl.write.1.tlog
f:\windows编程\11. mymfc\debug\11. mymfc.tlog\link.command.1.tlog
f:\windows编程\11. mymfc\debug\11. mymfc.tlog\link.read.1.tlog
f:\windows编程\11. mymfc\debug\11. mymfc.tlog\link.write.1.tlog
f:\windows编程\11. mymfc\debug\11. mymfc.tlog\rc.command.1.tlog
f:\windows编程\11. mymfc\debug\11. mymfc.tlog\rc.read.1.tlog
f:\windows编程\11. mymfc\debug\11. mymfc.tlog\rc.write.1.tlog
